{"C:\\Users\\DELL\\Desktop\\Module 2\\Todo-List\\src\\index1.js": {"path":"C:\\Users\\DELL\\Desktop\\Module 2\\Todo-List\\src\\index1.js","statementMap":{"0":{"start":{"line":3,"column":4},"end":{"line":3,"column":19}},"1":{"start":{"line":6,"column":8},"end":{"line":10,"column":3}},"2":{"start":{"line":7,"column":17},"end":{"line":7,"column":50}},"3":{"start":{"line":8,"column":4},"end":{"line":8,"column":25}},"4":{"start":{"line":9,"column":4},"end":{"line":9,"column":23}},"5":{"start":{"line":12,"column":11},"end":{"line":25,"column":3}},"6":{"start":{"line":13,"column":19},"end":{"line":13,"column":52}},"7":{"start":{"line":14,"column":19},"end":{"line":14,"column":46}},"8":{"start":{"line":15,"column":4},"end":{"line":15,"column":43}},"9":{"start":{"line":17,"column":4},"end":{"line":17,"column":48}},"10":{"start":{"line":18,"column":20},"end":{"line":18,"column":51}},"11":{"start":{"line":19,"column":18},"end":{"line":19,"column":61}},"12":{"start":{"line":21,"column":4},"end":{"line":24,"column":12}},"13":{"start":{"line":22,"column":6},"end":{"line":22,"column":39}},"14":{"start":{"line":23,"column":6},"end":{"line":23,"column":38}},"15":{"start":{"line":27,"column":12},"end":{"line":82,"column":3}},"16":{"start":{"line":28,"column":23},"end":{"line":28,"column":59}},"17":{"start":{"line":29,"column":19},"end":{"line":29,"column":47}},"18":{"start":{"line":30,"column":4},"end":{"line":30,"column":33}},"19":{"start":{"line":31,"column":4},"end":{"line":31,"column":27}},"20":{"start":{"line":32,"column":27},"end":{"line":32,"column":56}},"21":{"start":{"line":33,"column":4},"end":{"line":33,"column":49}},"22":{"start":{"line":34,"column":21},"end":{"line":34,"column":52}},"23":{"start":{"line":35,"column":4},"end":{"line":35,"column":31}},"24":{"start":{"line":36,"column":4},"end":{"line":36,"column":31}},"25":{"start":{"line":37,"column":30},"end":{"line":37,"column":61}},"26":{"start":{"line":38,"column":4},"end":{"line":38,"column":56}},"27":{"start":{"line":39,"column":4},"end":{"line":39,"column":47}},"28":{"start":{"line":40,"column":4},"end":{"line":40,"column":36}},"29":{"start":{"line":41,"column":4},"end":{"line":50,"column":7}},"30":{"start":{"line":42,"column":21},"end":{"line":42,"column":68}},"31":{"start":{"line":43,"column":6},"end":{"line":49,"column":7}},"32":{"start":{"line":44,"column":8},"end":{"line":44,"column":78}},"33":{"start":{"line":45,"column":8},"end":{"line":45,"column":43}},"34":{"start":{"line":47,"column":8},"end":{"line":47,"column":70}},"35":{"start":{"line":48,"column":8},"end":{"line":48,"column":44}},"36":{"start":{"line":52,"column":4},"end":{"line":55,"column":5}},"37":{"start":{"line":53,"column":6},"end":{"line":53,"column":23}},"38":{"start":{"line":54,"column":6},"end":{"line":54,"column":62}},"39":{"start":{"line":57,"column":4},"end":{"line":64,"column":7}},"40":{"start":{"line":58,"column":21},"end":{"line":58,"column":68}},"41":{"start":{"line":59,"column":6},"end":{"line":59,"column":79}},"42":{"start":{"line":60,"column":22},"end":{"line":60,"column":67}},"43":{"start":{"line":61,"column":20},"end":{"line":61,"column":77}},"44":{"start":{"line":62,"column":6},"end":{"line":62,"column":41}},"45":{"start":{"line":63,"column":6},"end":{"line":63,"column":36}},"46":{"start":{"line":65,"column":4},"end":{"line":67,"column":7}},"47":{"start":{"line":66,"column":6},"end":{"line":66,"column":21}},"48":{"start":{"line":68,"column":4},"end":{"line":68,"column":36}},"49":{"start":{"line":69,"column":4},"end":{"line":69,"column":45}},"50":{"start":{"line":70,"column":18},"end":{"line":70,"column":45}},"51":{"start":{"line":71,"column":4},"end":{"line":71,"column":60}},"52":{"start":{"line":72,"column":20},"end":{"line":72,"column":47}},"53":{"start":{"line":73,"column":4},"end":{"line":73,"column":60}},"54":{"start":{"line":74,"column":4},"end":{"line":77,"column":7}},"55":{"start":{"line":75,"column":21},"end":{"line":75,"column":54}},"56":{"start":{"line":76,"column":6},"end":{"line":76,"column":22}},"57":{"start":{"line":78,"column":4},"end":{"line":78,"column":34}},"58":{"start":{"line":79,"column":4},"end":{"line":79,"column":27}},"59":{"start":{"line":80,"column":4},"end":{"line":80,"column":25}},"60":{"start":{"line":81,"column":4},"end":{"line":81,"column":30}},"61":{"start":{"line":84,"column":11},"end":{"line":88,"column":3}},"62":{"start":{"line":85,"column":4},"end":{"line":85,"column":90}},"63":{"start":{"line":85,"column":43},"end":{"line":85,"column":88}},"64":{"start":{"line":86,"column":4},"end":{"line":86,"column":48}},"65":{"start":{"line":87,"column":4},"end":{"line":87,"column":24}},"66":{"start":{"line":90,"column":17},"end":{"line":99,"column":3}},"67":{"start":{"line":91,"column":16},"end":{"line":91,"column":17}},"68":{"start":{"line":92,"column":4},"end":{"line":98,"column":7}},"69":{"start":{"line":93,"column":21},"end":{"line":93,"column":56}},"70":{"start":{"line":94,"column":6},"end":{"line":94,"column":24}},"71":{"start":{"line":96,"column":6},"end":{"line":96,"column":25}},"72":{"start":{"line":97,"column":6},"end":{"line":97,"column":17}},"73":{"start":{"line":101,"column":13},"end":{"line":110,"column":3}},"74":{"start":{"line":102,"column":4},"end":{"line":106,"column":7}},"75":{"start":{"line":103,"column":6},"end":{"line":105,"column":7}},"76":{"start":{"line":104,"column":8},"end":{"line":104,"column":53}},"77":{"start":{"line":108,"column":4},"end":{"line":108,"column":60}},"78":{"start":{"line":108,"column":43},"end":{"line":108,"column":58}},"79":{"start":{"line":109,"column":4},"end":{"line":109,"column":24}},"80":{"start":{"line":113,"column":0},"end":{"line":113,"column":27}}},"fnMap":{"0":{"name":"(anonymous_0)","decl":{"start":{"line":2,"column":2},"end":{"line":2,"column":3}},"loc":{"start":{"line":2,"column":16},"end":{"line":4,"column":3}},"line":2},"1":{"name":"(anonymous_1)","decl":{"start":{"line":6,"column":8},"end":{"line":6,"column":9}},"loc":{"start":{"line":6,"column":74},"end":{"line":10,"column":3}},"line":6},"2":{"name":"(anonymous_2)","decl":{"start":{"line":12,"column":11},"end":{"line":12,"column":12}},"loc":{"start":{"line":12,"column":22},"end":{"line":25,"column":3}},"line":12},"3":{"name":"(anonymous_3)","decl":{"start":{"line":21,"column":15},"end":{"line":21,"column":16}},"loc":{"start":{"line":21,"column":21},"end":{"line":24,"column":5}},"line":21},"4":{"name":"(anonymous_4)","decl":{"start":{"line":27,"column":12},"end":{"line":27,"column":13}},"loc":{"start":{"line":27,"column":22},"end":{"line":82,"column":3}},"line":27},"5":{"name":"(anonymous_5)","decl":{"start":{"line":41,"column":40},"end":{"line":41,"column":41}},"loc":{"start":{"line":41,"column":51},"end":{"line":50,"column":5}},"line":41},"6":{"name":"(anonymous_6)","decl":{"start":{"line":57,"column":48},"end":{"line":57,"column":49}},"loc":{"start":{"line":57,"column":59},"end":{"line":64,"column":5}},"line":57},"7":{"name":"(anonymous_7)","decl":{"start":{"line":65,"column":51},"end":{"line":65,"column":52}},"loc":{"start":{"line":65,"column":58},"end":{"line":67,"column":5}},"line":65},"8":{"name":"(anonymous_8)","decl":{"start":{"line":74,"column":38},"end":{"line":74,"column":39}},"loc":{"start":{"line":74,"column":49},"end":{"line":77,"column":5}},"line":74},"9":{"name":"(anonymous_9)","decl":{"start":{"line":84,"column":11},"end":{"line":84,"column":12}},"loc":{"start":{"line":84,"column":26},"end":{"line":88,"column":3}},"line":84},"10":{"name":"(anonymous_10)","decl":{"start":{"line":85,"column":33},"end":{"line":85,"column":34}},"loc":{"start":{"line":85,"column":43},"end":{"line":85,"column":88}},"line":85},"11":{"name":"(anonymous_11)","decl":{"start":{"line":90,"column":17},"end":{"line":90,"column":18}},"loc":{"start":{"line":90,"column":23},"end":{"line":99,"column":3}},"line":90},"12":{"name":"(anonymous_12)","decl":{"start":{"line":92,"column":22},"end":{"line":92,"column":23}},"loc":{"start":{"line":92,"column":32},"end":{"line":98,"column":5}},"line":92},"13":{"name":"(anonymous_13)","decl":{"start":{"line":101,"column":13},"end":{"line":101,"column":14}},"loc":{"start":{"line":101,"column":19},"end":{"line":110,"column":3}},"line":101},"14":{"name":"(anonymous_14)","decl":{"start":{"line":102,"column":22},"end":{"line":102,"column":23}},"loc":{"start":{"line":102,"column":32},"end":{"line":106,"column":5}},"line":102},"15":{"name":"(anonymous_15)","decl":{"start":{"line":108,"column":33},"end":{"line":108,"column":34}},"loc":{"start":{"line":108,"column":43},"end":{"line":108,"column":58}},"line":108}},"branchMap":{"0":{"loc":{"start":{"line":6,"column":22},"end":{"line":6,"column":39}},"type":"default-arg","locations":[{"start":{"line":6,"column":34},"end":{"line":6,"column":39}}],"line":6},"1":{"loc":{"start":{"line":6,"column":41},"end":{"line":6,"column":69}},"type":"default-arg","locations":[{"start":{"line":6,"column":49},"end":{"line":6,"column":69}}],"line":6},"2":{"loc":{"start":{"line":43,"column":6},"end":{"line":49,"column":7}},"type":"if","locations":[{"start":{"line":43,"column":6},"end":{"line":49,"column":7}},{"start":{"line":46,"column":13},"end":{"line":49,"column":7}}],"line":43},"3":{"loc":{"start":{"line":52,"column":4},"end":{"line":55,"column":5}},"type":"if","locations":[{"start":{"line":52,"column":4},"end":{"line":55,"column":5}},{"start":{},"end":{}}],"line":52},"4":{"loc":{"start":{"line":103,"column":6},"end":{"line":105,"column":7}},"type":"if","locations":[{"start":{"line":103,"column":6},"end":{"line":105,"column":7}},{"start":{},"end":{}}],"line":103}},"s":{"0":3,"1":3,"2":3,"3":3,"4":3,"5":3,"6":1,"7":1,"8":1,"9":1,"10":1,"11":1,"12":1,"13":0,"14":0,"15":3,"16":3,"17":3,"18":3,"19":3,"20":3,"21":3,"22":3,"23":3,"24":3,"25":3,"26":3,"27":3,"28":3,"29":3,"30":0,"31":0,"32":0,"33":0,"34":0,"35":0,"36":3,"37":0,"38":0,"39":3,"40":0,"41":0,"42":0,"43":0,"44":0,"45":0,"46":3,"47":0,"48":3,"49":3,"50":3,"51":3,"52":3,"53":3,"54":3,"55":0,"56":0,"57":3,"58":3,"59":3,"60":3,"61":3,"62":1,"63":1,"64":1,"65":1,"66":3,"67":1,"68":1,"69":0,"70":0,"71":0,"72":0,"73":3,"74":0,"75":0,"76":0,"77":0,"78":0,"79":0,"80":1},"f":{"0":3,"1":3,"2":1,"3":0,"4":3,"5":0,"6":0,"7":0,"8":0,"9":1,"10":1,"11":1,"12":0,"13":0,"14":0,"15":0},"b":{"0":[3],"1":[3],"2":[0,0],"3":[0,3],"4":[0,0]},"_coverageSchema":"1a1c01bbd47fc00a2c39e90264f33305004495a9","hash":"22eff88777975e658bc2f42c0d56a5a9311d420f"}
}
